{"total": {"lines":{"total":401,"covered":267,"skipped":0,"pct":66.58},"statements":{"total":401,"covered":267,"skipped":0,"pct":66.58},"functions":{"total":9,"covered":8,"skipped":0,"pct":88.88},"branches":{"total":46,"covered":27,"skipped":0,"pct":58.69},"branchesTrue":{"total":0,"covered":0,"skipped":0,"pct":"Unknown"}}
,"/Users/zenn/Documents/tauview/src/App.tsx": {"lines":{"total":278,"covered":144,"skipped":0,"pct":51.79},"functions":{"total":4,"covered":3,"skipped":0,"pct":75},"statements":{"total":278,"covered":144,"skipped":0,"pct":51.79},"branches":{"total":36,"covered":17,"skipped":0,"pct":47.22}}
,"/Users/zenn/Documents/tauview/src/ArrowLeft.tsx": {"lines":{"total":15,"covered":15,"skipped":0,"pct":100},"functions":{"total":1,"covered":1,"skipped":0,"pct":100},"statements":{"total":15,"covered":15,"skipped":0,"pct":100},"branches":{"total":2,"covered":2,"skipped":0,"pct":100}}
,"/Users/zenn/Documents/tauview/src/ArrowRight.tsx": {"lines":{"total":15,"covered":15,"skipped":0,"pct":100},"functions":{"total":1,"covered":1,"skipped":0,"pct":100},"statements":{"total":15,"covered":15,"skipped":0,"pct":100},"branches":{"total":2,"covered":2,"skipped":0,"pct":100}}
,"/Users/zenn/Documents/tauview/src/FolderOpen.tsx": {"lines":{"total":15,"covered":15,"skipped":0,"pct":100},"functions":{"total":1,"covered":1,"skipped":0,"pct":100},"statements":{"total":15,"covered":15,"skipped":0,"pct":100},"branches":{"total":2,"covered":2,"skipped":0,"pct":100}}
,"/Users/zenn/Documents/tauview/src/ToolBar.tsx": {"lines":{"total":63,"covered":63,"skipped":0,"pct":100},"functions":{"total":1,"covered":1,"skipped":0,"pct":100},"statements":{"total":63,"covered":63,"skipped":0,"pct":100},"branches":{"total":2,"covered":2,"skipped":0,"pct":100}}
,"/Users/zenn/Documents/tauview/src/Trash.tsx": {"lines":{"total":15,"covered":15,"skipped":0,"pct":100},"functions":{"total":1,"covered":1,"skipped":0,"pct":100},"statements":{"total":15,"covered":15,"skipped":0,"pct":100},"branches":{"total":2,"covered":2,"skipped":0,"pct":100}}
}
